Base path: C:/Program Files/Unity/Editor/Data
Pipe name: \\.\pipe\UnityShaderCompiler-64bit-1-25576
Cmd: getPlatforms
Cmd: compileSnippet
  api=4 type=0 insize=6625 outsize=7132 kw=UNDERLAY_ON pd= ok=1
Cmd: compileSnippet
  api=4 type=1 insize=6625 outsize=3890 kw=UNDERLAY_ON pd= ok=1
Cmd: compileSnippet
  api=4 type=0 insize=6625 outsize=7132 kw=UNDERLAY_INNER pd= ok=1
Cmd: compileSnippet
  api=4 type=1 insize=6625 outsize=4239 kw=UNDERLAY_INNER pd= ok=1
Cmd: compileSnippet
  api=4 type=0 insize=6625 outsize=7132 kw=UNDERLAY_ON BEVEL_ON pd= ok=1
Cmd: compileSnippet
  api=4 type=1 insize=6625 outsize=9683 kw=UNDERLAY_ON BEVEL_ON pd= ok=1
Cmd: compileSnippet
  api=4 type=0 insize=6625 outsize=7384 kw=GLOW_ON UNDERLAY_ON pd= ok=1
Cmd: compileSnippet
  api=4 type=1 insize=6625 outsize=5361 kw=GLOW_ON UNDERLAY_ON pd= ok=1
Cmd: compileSnippet
  api=4 type=0 insize=6625 outsize=7132 kw=MASK_HARD UNDERLAY_ON pd= ok=1
Cmd: compileSnippet
  api=4 type=1 insize=6625 outsize=4231 kw=MASK_HARD UNDERLAY_ON pd= ok=1
